<?xml version="1.0" encoding="UTF-8"?>
<Site BuildName="(empty)"
	BuildStamp="20230922-0002-Experimental"
	Name="(empty)"
	Generator="ctest-3.27.6"
	CompilerName=""
	CompilerVersion=""
	OSName="Windows"
	Hostname="DESKTOP-AE5RPFC"
	OSRelease=" Professional"
	OSVersion=" (Build 19045)"
	OSPlatform="AMD64"
	Is64Bits="1"
	VendorString="AuthenticAMD"
	VendorID="Advanced Micro Devices"
	FamilyID="15"
	ModelID="8"
	ProcessorCacheSize="64"
	NumberOfLogicalCPU="12"
	NumberOfPhysicalCPU="6"
	TotalVirtualMemory="21082"
	TotalPhysicalMemory="15706"
	LogicalProcessorsPerPhysical="2"
	ProcessorClockFrequency="2096"
	>
	<Testing>
		<StartDateTime>Sep 22 04:00 RTZ 2 ([NON-UTF-8-BYTE-0xE7][NON-UTF-8-BYTE-0xE8][NON-UTF-8-BYTE-0xEC][NON-UTF-8-BYTE-0xE0])</StartDateTime>
		<StartTestTime>1695344407</StartTestTime>
		<TestList>
			<Test>./BASIC</Test>
		</TestList>
		<Test Status="passed">
			<Name>BASIC</Name>
			<Path>.</Path>
			<FullName>./BASIC</FullName>
			<FullCommandLine>C:\OOP\LAB1\build\test1.exe</FullCommandLine>
			<Results>
				<NamedMeasurement type="numeric/double" name="Execution Time">
					<Value>0.0416819</Value>
				</NamedMeasurement>
				<NamedMeasurement type="numeric/double" name="Processors">
					<Value>1</Value>
				</NamedMeasurement>
				<NamedMeasurement type="text/string" name="Completion Status">
					<Value>Completed</Value>
				</NamedMeasurement>
				<NamedMeasurement type="text/string" name="Command Line">
					<Value>C:\OOP\LAB1\build\test1.exe</Value>
				</NamedMeasurement>
				<NamedMeasurement type="text/string" name="Environment">
					<Value>#CTEST_RESOURCE_GROUP_COUNT=</Value>
				</NamedMeasurement>
				<Measurement>
					<Value encoding="base64" compression="gzip">eJyN0z1rwzAQBuDdv+LGZrCxHedryNShQ6EFt52MKbJ9qUVlyUintP33VSIwpFC4dxN679Gia45LWqi91lJ/QJEDoSMHJ2smKK4HcF4SZkmTLmnhQZlOqHiP+iyt0RPq0EVK/fynfKvej9h/1jgr0WPSQP32BNe0NzfZi+8uQ+9F6MQ8P/7bgbscJrdicCWDK/ncmsGt+VzF4Co+t2FwGz63ZXBbPrdjcDs+t2dwez53YHAHPlfknH+cLyBvf2IdyJBQq4S3ooTCpoPJsrClr6N0MAtLYE5AI8a28TR7gi/hwOJkzjiAkzq8JoP03SMOLpZHi240arhMF3lZQfcTgKxNfgE6AVIz====</Value>
				</Measurement>
			</Results>
		</Test>
		<EndDateTime>Sep 22 04:00 RTZ 2 ([NON-UTF-8-BYTE-0xE7][NON-UTF-8-BYTE-0xE8][NON-UTF-8-BYTE-0xEC][NON-UTF-8-BYTE-0xE0])</EndDateTime>
		<EndTestTime>1695344407</EndTestTime>
		<ElapsedMinutes>0</ElapsedMinutes>
	</Testing>
</Site>
