Start testing: Sep 22 11:05 RTZ 2 (çèìà)
----------------------------------------------------------
1/1 Testing: BASIC
1/1 Test: BASIC
Command: "C:/OOP/LAB1/build/test1.exe"
Directory: C:/OOP/LAB1/build
"BASIC" start time: Sep 22 11:05 RTZ 2 (çèìà)
Output:
----------------------------------------------------------
[==========] Running 6 tests from 1 test suite.
[----------] Global test environment set-up.
[----------] 6 tests from CheckReplace
[ RUN      ] CheckReplace.Simple
[       OK ] CheckReplace.Simple (0 ms)
[ RUN      ] CheckReplace.Blankspaces
[       OK ] CheckReplace.Blankspaces (0 ms)
[ RUN      ] CheckReplace.N_0
[       OK ] CheckReplace.N_0 (0 ms)
[ RUN      ] CheckReplace.AbsentOldValue
[       OK ] CheckReplace.AbsentOldValue (0 ms)
[ RUN      ] CheckReplace.N_3
[       OK ] CheckReplace.N_3 (0 ms)
[ RUN      ] CheckReplace.N_4
[       OK ] CheckReplace.N_4 (0 ms)
[----------] 6 tests from CheckReplace (0 ms total)

[----------] Global test environment tear-down
[==========] 6 tests from 1 test suite ran. (0 ms total)
[  PASSED  ] 6 tests.
<end of output>
Test time =   0.12 sec
----------------------------------------------------------
Test Passed.
"BASIC" end time: Sep 22 11:05 RTZ 2 (çèìà)
"BASIC" time elapsed: 00:00:00
----------------------------------------------------------

End testing: Sep 22 11:05 RTZ 2 (çèìà)
